  main.cpp
C:\Users\79822\OneDrive\Документы\lab11\lab11\4.h(60,23): warning C4267: аргумент: преобразование из "size_t" в "const int"; возможна потеря данных
C:\Users\79822\OneDrive\Документы\lab11\lab11\1.h(76): warning C4267: аргумент: преобразование из "size_t" в "const int"; возможна потеря данных
C:\Users\79822\OneDrive\Документы\lab11\lab11\2.h(15,32): message : выполняется компиляция ссылки на экземпляр шаблон функции "T SearchMidVal<Pair>(std::list<Pair,std::allocator<Pair>> &)"
          with
          [
              T=Pair
          ]
C:\Users\79822\OneDrive\Документы\lab11\lab11\3.h(58,1): warning C4267: =: преобразование из "size_t" в "int"; возможна потеря данных
C:\Users\79822\OneDrive\Документы\lab11\lab11\3.h(56,1): message : во время компиляции функции-члена класс шаблон "void List<Pair>::PushMidVal(void)"
C:\Users\79822\OneDrive\Документы\lab11\lab11\3.h(112,16): message : выполняется компиляция ссылки на экземпляр шаблон функции "void List<Pair>::PushMidVal(void)"
C:\Users\79822\OneDrive\Документы\lab11\lab11\3.h(108,18): message : выполняется компиляция ссылки на экземпляр класс шаблон функции "List<Pair>"
C:\Users\79822\OneDrive\Документы\lab11\lab11\3.h(77,1): warning C4267: =: преобразование из "size_t" в "int"; возможна потеря данных
C:\Users\79822\OneDrive\Документы\lab11\lab11\3.h(63,1): message : во время компиляции функции-члена класс шаблон "void List<Pair>::DelElem(void)"
C:\Users\79822\OneDrive\Документы\lab11\lab11\3.h(116,13): message : выполняется компиляция ссылки на экземпляр шаблон функции "void List<Pair>::DelElem(void)"
C:\Users\79822\OneDrive\Документы\lab11\lab11\5.h(68,1): warning C4267: =: преобразование из "size_t" в "int"; возможна потеря данных
C:\Users\79822\OneDrive\Документы\lab11\lab11\5.h(66,1): message : во время компиляции функции-члена класс шаблон "void Priority_queue<Pair>::PushMidVal(void)"
C:\Users\79822\OneDrive\Документы\lab11\lab11\5.h(131,16): message : выполняется компиляция ссылки на экземпляр шаблон функции "void Priority_queue<Pair>::PushMidVal(void)"
C:\Users\79822\OneDrive\Документы\lab11\lab11\5.h(127,28): message : выполняется компиляция ссылки на экземпляр класс шаблон функции "Priority_queue<Pair>"
C:\Users\79822\OneDrive\Документы\lab11\lab11\3.h(51,1): warning C4267: аргумент: преобразование из "size_t" в "const int"; возможна потеря данных
C:\Users\79822\OneDrive\Документы\lab11\lab11\3.h(47,1): message : во время компиляции функции-члена класс шаблон "T List<T>::SearchMidVal(void)"
          with
          [
              T=Pair
          ]
C:\Users\79822\OneDrive\Документы\lab11\lab11\3.h(57,15): message : выполняется компиляция ссылки на экземпляр шаблон функции "T List<T>::SearchMidVal(void)"
          with
          [
              T=Pair
          ]
C:\Users\79822\OneDrive\Документы\lab11\lab11\3.h(25,1): message : во время компиляции функции-члена класс шаблон "List<Pair>::List(int)"
C:\Users\79822\OneDrive\Документы\lab11\lab11\3.h(108,13): message : выполняется компиляция ссылки на экземпляр шаблон функции "List<Pair>::List(int)"
C:\Users\79822\OneDrive\Документы\lab11\lab11\5.h(61,1): warning C4267: аргумент: преобразование из "size_t" в "const int"; возможна потеря данных
C:\Users\79822\OneDrive\Документы\lab11\lab11\5.h(53,1): message : во время компиляции функции-члена класс шаблон "T Priority_queue<T>::SearchMidVal(void)"
          with
          [
              T=Pair
          ]
C:\Users\79822\OneDrive\Документы\lab11\lab11\5.h(67,8): message : выполняется компиляция ссылки на экземпляр шаблон функции "T Priority_queue<T>::SearchMidVal(void)"
          with
          [
              T=Pair
          ]
C:\Users\79822\OneDrive\Документы\lab11\lab11\5.h(26,1): message : во время компиляции функции-члена класс шаблон "Priority_queue<Pair>::Priority_queue(int)"
C:\Users\79822\OneDrive\Документы\lab11\lab11\5.h(127,23): message : выполняется компиляция ссылки на экземпляр шаблон функции "Priority_queue<Pair>::Priority_queue(int)"
  Pair.cpp
  Создание кода...
  lab11.vcxproj -> C:\Users\79822\OneDrive\Документы\lab11\x64\Debug\lab11.exe
