  Pair.cpp
  Source.cpp
C:\Users\79822\OneDrive\Документы\lab13\lab13\number1.h(11,33): warning C4267: аргумент: преобразование из "size_t" в "const int"; возможна потеря данных
C:\Users\79822\OneDrive\Документы\lab13\lab13\number1.h(17,10): warning C4566: символ, представленный универсальным именем символа "\u00C2", невозможно представить в текущей кодовой странице (1251)
C:\Users\79822\OneDrive\Документы\lab13\lab13\number1.h(17,10): warning C4566: символ, представленный универсальным именем символа "\u00E2", невозможно представить в текущей кодовой странице (1251)
C:\Users\79822\OneDrive\Документы\lab13\lab13\number1.h(17,10): warning C4566: символ, представленный универсальным именем символа "\u00E5", невозможно представить в текущей кодовой странице (1251)
C:\Users\79822\OneDrive\Документы\lab13\lab13\number1.h(17,10): warning C4566: символ, представленный универсальным именем символа "\u00E4", невозможно представить в текущей кодовой странице (1251)
C:\Users\79822\OneDrive\Документы\lab13\lab13\number1.h(17,10): warning C4566: символ, представленный универсальным именем символа "\u00E8", невозможно представить в текущей кодовой странице (1251)
C:\Users\79822\OneDrive\Документы\lab13\lab13\number1.h(17,10): warning C4566: символ, представленный универсальным именем символа "\u00F2", невозможно представить в текущей кодовой странице (1251)
C:\Users\79822\OneDrive\Документы\lab13\lab13\number1.h(17,10): warning C4566: символ, представленный универсальным именем символа "\u00E0", невозможно представить в текущей кодовой странице (1251)
C:\Users\79822\OneDrive\Документы\lab13\lab13\number1.h(17,10): warning C4566: символ, представленный универсальным именем символа "\u00ED", невозможно представить в текущей кодовой странице (1251)
C:\Users\79822\OneDrive\Документы\lab13\lab13\number1.h(17,10): warning C4566: символ, представленный универсальным именем символа "\u00FB", невозможно представить в текущей кодовой странице (1251)
C:\Users\79822\OneDrive\Документы\lab13\lab13\number1.h(17,10): warning C4566: символ, представленный универсальным именем символа "\u00EB", невозможно представить в текущей кодовой странице (1251)
C:\Users\79822\OneDrive\Документы\lab13\lab13\number1.h(17,10): warning C4566: символ, представленный универсальным именем символа "\u00FF", невозможно представить в текущей кодовой странице (1251)
C:\Users\79822\OneDrive\Документы\lab13\lab13\number1.h(17,10): warning C4566: символ, представленный универсальным именем символа "\u00F3", невозможно представить в текущей кодовой странице (1251)
C:\Users\79822\OneDrive\Документы\lab13\lab13\number1.h(19,10): warning C4566: символ, представленный универсальным именем символа "\u00C2", невозможно представить в текущей кодовой странице (1251)
C:\Users\79822\OneDrive\Документы\lab13\lab13\number1.h(19,10): warning C4566: символ, представленный универсальным именем символа "\u00E2", невозможно представить в текущей кодовой странице (1251)
C:\Users\79822\OneDrive\Документы\lab13\lab13\number1.h(19,10): warning C4566: символ, представленный универсальным именем символа "\u00E5", невозможно представить в текущей кодовой странице (1251)
C:\Users\79822\OneDrive\Документы\lab13\lab13\number1.h(19,10): warning C4566: символ, представленный универсальным именем символа "\u00E4", невозможно представить в текущей кодовой странице (1251)
C:\Users\79822\OneDrive\Документы\lab13\lab13\number1.h(19,10): warning C4566: символ, представленный универсальным именем символа "\u00E8", невозможно представить в текущей кодовой странице (1251)
C:\Users\79822\OneDrive\Документы\lab13\lab13\number1.h(19,10): warning C4566: символ, представленный универсальным именем символа "\u00F2", невозможно представить в текущей кодовой странице (1251)
C:\Users\79822\OneDrive\Документы\lab13\lab13\number1.h(19,10): warning C4566: символ, представленный универсальным именем символа "\u00E0", невозможно представить в текущей кодовой странице (1251)
C:\Users\79822\OneDrive\Документы\lab13\lab13\number1.h(19,10): warning C4566: символ, представленный универсальным именем символа "\u00EF", невозможно представить в текущей кодовой странице (1251)
C:\Users\79822\OneDrive\Документы\lab13\lab13\number1.h(19,10): warning C4566: символ, представленный универсальным именем символа "\u00E7", невозможно представить в текущей кодовой странице (1251)
C:\Users\79822\OneDrive\Документы\lab13\lab13\number1.h(19,10): warning C4566: символ, представленный универсальным именем символа "\u00EE", невозможно представить в текущей кодовой странице (1251)
C:\Users\79822\OneDrive\Документы\lab13\lab13\number1.h(19,10): warning C4566: символ, представленный универсальным именем символа "\u00ED", невозможно представить в текущей кодовой странице (1251)
C:\Users\79822\OneDrive\Документы\lab13\lab13\number1.h(19,10): warning C4566: символ, представленный универсальным именем символа "\u00EB", невозможно представить в текущей кодовой странице (1251)
C:\Users\79822\OneDrive\Документы\lab13\lab13\number1.h(19,10): warning C4566: символ, представленный универсальным именем символа "\u00FF", невозможно представить в текущей кодовой странице (1251)
C:\Users\79822\OneDrive\Документы\lab13\lab13\number1.h(19,10): warning C4566: символ, представленный универсальным именем символа "\u00F1", невозможно представить в текущей кодовой странице (1251)
C:\Users\79822\OneDrive\Документы\lab13\lab13\number1.h(19,10): warning C4566: символ, представленный универсальным именем символа "\u00EA", невозможно представить в текущей кодовой странице (1251)
C:\Users\79822\OneDrive\Документы\lab13\lab13\number1.h(42,10): warning C4566: символ, представленный универсальным именем символа "\u00C2", невозможно представить в текущей кодовой странице (1251)
C:\Users\79822\OneDrive\Документы\lab13\lab13\number1.h(42,10): warning C4566: символ, представленный универсальным именем символа "\u00E2", невозможно представить в текущей кодовой странице (1251)
C:\Users\79822\OneDrive\Документы\lab13\lab13\number1.h(42,10): warning C4566: символ, представленный универсальным именем символа "\u00E5", невозможно представить в текущей кодовой странице (1251)
C:\Users\79822\OneDrive\Документы\lab13\lab13\number1.h(42,10): warning C4566: символ, представленный универсальным именем символа "\u00E4", невозможно представить в текущей кодовой странице (1251)
C:\Users\79822\OneDrive\Документы\lab13\lab13\number1.h(42,10): warning C4566: символ, представленный универсальным именем символа "\u00E8", невозможно представить в текущей кодовой странице (1251)
C:\Users\79822\OneDrive\Документы\lab13\lab13\number1.h(42,10): warning C4566: символ, представленный универсальным именем символа "\u00F2", невозможно представить в текущей кодовой странице (1251)
C:\Users\79822\OneDrive\Документы\lab13\lab13\number1.h(42,10): warning C4566: символ, представленный универсальным именем символа "\u00EA", невозможно представить в текущей кодовой странице (1251)
C:\Users\79822\OneDrive\Документы\lab13\lab13\number1.h(42,10): warning C4566: символ, представленный универсальным именем символа "\u00E0", невозможно представить в текущей кодовой странице (1251)
C:\Users\79822\OneDrive\Документы\lab13\lab13\number1.h(42,10): warning C4566: символ, представленный универсальным именем символа "\u00EE", невозможно представить в текущей кодовой странице (1251)
C:\Users\79822\OneDrive\Документы\lab13\lab13\number1.h(42,10): warning C4566: символ, представленный универсальным именем символа "\u00EB", невозможно представить в текущей кодовой странице (1251)
C:\Users\79822\OneDrive\Документы\lab13\lab13\number1.h(42,10): warning C4566: символ, представленный универсальным именем символа "\u00F7", невозможно представить в текущей кодовой странице (1251)
C:\Users\79822\OneDrive\Документы\lab13\lab13\number1.h(42,10): warning C4566: символ, представленный универсальным именем символа "\u00F1", невозможно представить в текущей кодовой странице (1251)
C:\Users\79822\OneDrive\Документы\lab13\lab13\number1.h(42,10): warning C4566: символ, представленный универсальным именем символа "\u00E7", невозможно представить в текущей кодовой странице (1251)
C:\Users\79822\OneDrive\Документы\lab13\lab13\number1.h(42,10): warning C4566: символ, представленный универсальным именем символа "\u00EF", невозможно представить в текущей кодовой странице (1251)
C:\Users\79822\OneDrive\Документы\lab13\lab13\number1.h(42,10): warning C4566: символ, представленный универсальным именем символа "\u00E9", невозможно представить в текущей кодовой странице (1251)
C:\Users\79822\OneDrive\Документы\lab13\lab13\number1.h(42,10): warning C4566: символ, представленный универсальным именем символа "\u00E3", невозможно представить в текущей кодовой странице (1251)
C:\Users\79822\OneDrive\Документы\lab13\lab13\number1.h(42,10): warning C4566: символ, представленный универсальным именем символа "\u00ED", невозможно представить в текущей кодовой странице (1251)
C:\Users\79822\OneDrive\Документы\lab13\lab13\number1.h(42,10): warning C4566: символ, представленный универсальным именем символа "\u00F0", невозможно представить в текущей кодовой странице (1251)
C:\Users\79822\OneDrive\Документы\lab13\lab13\number1.h(42,10): warning C4566: символ, представленный универсальным именем символа "\u00FC", невозможно представить в текущей кодовой странице (1251)
C:\Users\79822\OneDrive\Документы\lab13\lab13\number1.h(45,18): warning C4566: символ, представленный универсальным именем символа "\u00CF", невозможно представить в текущей кодовой странице (1251)
C:\Users\79822\OneDrive\Документы\lab13\lab13\number1.h(45,18): warning C4566: символ, представленный универсальным именем символа "\u00EE", невозможно представить в текущей кодовой странице (1251)
C:\Users\79822\OneDrive\Документы\lab13\lab13\number1.h(45,18): warning C4566: символ, представленный универсальным именем символа "\u00EB", невозможно представить в текущей кодовой странице (1251)
C:\Users\79822\OneDrive\Документы\lab13\lab13\number1.h(45,18): warning C4566: символ, представленный универсальным именем символа "\u00F3", невозможно представить в текущей кодовой странице (1251)
C:\Users\79822\OneDrive\Документы\lab13\lab13\number1.h(45,18): warning C4566: символ, представленный универсальным именем символа "\u00F7", невозможно представить в текущей кодовой странице (1251)
C:\Users\79822\OneDrive\Документы\lab13\lab13\number1.h(45,18): warning C4566: символ, представленный универсальным именем символа "\u00E5", невозможно представить в текущей кодовой странице (1251)
C:\Users\79822\OneDrive\Документы\lab13\lab13\number1.h(45,18): warning C4566: символ, представленный универсальным именем символа "\u00ED", невозможно представить в текущей кодовой странице (1251)
C:\Users\79822\OneDrive\Документы\lab13\lab13\number1.h(45,18): warning C4566: символ, представленный универсальным именем символа "\u00FB", невозможно представить в текущей кодовой странице (1251)
C:\Users\79822\OneDrive\Документы\lab13\lab13\number1.h(45,18): warning C4566: символ, представленный универсальным именем символа "\u00E9", невозможно представить в текущей кодовой странице (1251)
C:\Users\79822\OneDrive\Документы\lab13\lab13\number1.h(48,18): warning C4566: символ, представленный универсальным именем символа "\u00CD", невозможно представить в текущей кодовой странице (1251)
C:\Users\79822\OneDrive\Документы\lab13\lab13\number1.h(48,18): warning C4566: символ, представленный универсальным именем символа "\u00E0", невозможно представить в текущей кодовой странице (1251)
C:\Users\79822\OneDrive\Документы\lab13\lab13\number1.h(48,18): warning C4566: символ, представленный универсальным именем символа "\u00E9", невозможно представить в текущей кодовой странице (1251)
C:\Users\79822\OneDrive\Документы\lab13\lab13\number1.h(48,18): warning C4566: символ, представленный универсальным именем символа "\u00E4", невозможно представить в текущей кодовой странице (1251)
C:\Users\79822\OneDrive\Документы\lab13\lab13\number1.h(48,18): warning C4566: символ, представленный универсальным именем символа "\u00E5", невозможно представить в текущей кодовой странице (1251)
C:\Users\79822\OneDrive\Документы\lab13\lab13\number1.h(48,18): warning C4566: символ, представленный универсальным именем символа "\u00EC", невозможно представить в текущей кодовой странице (1251)
C:\Users\79822\OneDrive\Документы\lab13\lab13\number1.h(48,18): warning C4566: символ, представленный универсальным именем символа "\u00F1", невозможно представить в текущей кодовой странице (1251)
C:\Users\79822\OneDrive\Документы\lab13\lab13\number1.h(48,18): warning C4566: символ, представленный универсальным именем символа "\u00F0", невозможно представить в текущей кодовой странице (1251)
C:\Users\79822\OneDrive\Документы\lab13\lab13\number1.h(48,18): warning C4566: символ, представленный универсальным именем символа "\u00ED", невозможно представить в текущей кодовой странице (1251)
C:\Users\79822\OneDrive\Документы\lab13\lab13\number1.h(48,18): warning C4566: символ, представленный универсальным именем символа "\u00E8", невозможно представить в текущей кодовой странице (1251)
C:\Users\79822\OneDrive\Документы\lab13\lab13\number1.h(48,18): warning C4566: символ, представленный универсальным именем символа "\u00F4", невозможно представить в текущей кодовой странице (1251)
C:\Users\79822\OneDrive\Документы\lab13\lab13\number1.h(48,18): warning C4566: символ, представленный универсальным именем символа "\u00F2", невозможно представить в текущей кодовой странице (1251)
C:\Users\79822\OneDrive\Документы\lab13\lab13\number1.h(48,18): warning C4566: символ, представленный универсальным именем символа "\u00F7", невозможно представить в текущей кодовой странице (1251)
C:\Users\79822\OneDrive\Документы\lab13\lab13\number1.h(48,18): warning C4566: символ, представленный универсальным именем символа "\u00EA", невозможно представить в текущей кодовой странице (1251)
C:\Users\79822\OneDrive\Документы\lab13\lab13\number1.h(48,18): warning C4566: символ, представленный универсальным именем символа "\u00EE", невозможно представить в текущей кодовой странице (1251)
C:\Users\79822\OneDrive\Документы\lab13\lab13\number1.h(48,18): warning C4566: символ, представленный универсальным именем символа "\u00E7", невозможно представить в текущей кодовой странице (1251)
C:\Users\79822\OneDrive\Документы\lab13\lab13\number1.h(48,18): warning C4566: символ, представленный универсальным именем символа "\u00E1", невозможно представить в текущей кодовой странице (1251)
C:\Users\79822\OneDrive\Документы\lab13\lab13\number1.h(48,18): warning C4566: символ, представленный универсальным именем символа "\u00E2", невозможно представить в текущей кодовой странице (1251)
C:\Users\79822\OneDrive\Документы\lab13\lab13\number1.h(48,18): warning C4566: символ, представленный универсальным именем символа "\u00E3", невозможно представить в текущей кодовой странице (1251)
C:\Users\79822\OneDrive\Документы\lab13\lab13\number1.h(50,18): warning C4566: символ, представленный универсальным именем символа "\u00CF", невозможно представить в текущей кодовой странице (1251)
C:\Users\79822\OneDrive\Документы\lab13\lab13\number1.h(50,18): warning C4566: символ, представленный универсальным именем символа "\u00EE", невозможно представить в текущей кодовой странице (1251)
C:\Users\79822\OneDrive\Документы\lab13\lab13\number1.h(50,18): warning C4566: символ, представленный универсальным именем символа "\u00EB", невозможно представить в текущей кодовой странице (1251)
C:\Users\79822\OneDrive\Документы\lab13\lab13\number1.h(50,18): warning C4566: символ, представленный универсальным именем символа "\u00F3", невозможно представить в текущей кодовой странице (1251)
C:\Users\79822\OneDrive\Документы\lab13\lab13\number1.h(50,18): warning C4566: символ, представленный универсальным именем символа "\u00F7", невозможно представить в текущей кодовой странице (1251)
C:\Users\79822\OneDrive\Документы\lab13\lab13\number1.h(50,18): warning C4566: символ, представленный универсальным именем символа "\u00E5", невозможно представить в текущей кодовой странице (1251)
C:\Users\79822\OneDrive\Документы\lab13\lab13\number1.h(50,18): warning C4566: символ, представленный универсальным именем символа "\u00ED", невозможно представить в текущей кодовой странице (1251)
C:\Users\79822\OneDrive\Документы\lab13\lab13\number1.h(50,18): warning C4566: символ, представленный универсальным именем символа "\u00FB", невозможно представить в текущей кодовой странице (1251)
C:\Users\79822\OneDrive\Документы\lab13\lab13\number1.h(50,18): warning C4566: символ, представленный универсальным именем символа "\u00E9", невозможно представить в текущей кодовой странице (1251)
C:\Users\79822\OneDrive\Документы\lab13\lab13\number1.h(53,18): warning C4566: символ, представленный универсальным именем символа "\u00C7", невозможно представить в текущей кодовой странице (1251)
C:\Users\79822\OneDrive\Документы\lab13\lab13\number1.h(53,18): warning C4566: символ, представленный универсальным именем символа "\u00E0", невозможно представить в текущей кодовой странице (1251)
C:\Users\79822\OneDrive\Документы\lab13\lab13\number1.h(53,18): warning C4566: символ, представленный универсальным именем символа "\u00E4", невозможно представить в текущей кодовой странице (1251)
C:\Users\79822\OneDrive\Документы\lab13\lab13\number1.h(53,18): warning C4566: символ, представленный универсальным именем символа "\u00E8", невозможно представить в текущей кодовой странице (1251)
C:\Users\79822\OneDrive\Документы\lab13\lab13\number1.h(53,18): warning C4566: символ, представленный универсальным именем символа "\u00EC", невозможно представить в текущей кодовой странице (1251)
C:\Users\79822\OneDrive\Документы\lab13\lab13\number1.h(53,18): warning C4566: символ, представленный универсальным именем символа "\u00EF", невозможно представить в текущей кодовой странице (1251)
C:\Users\79822\OneDrive\Документы\lab13\lab13\number1.h(53,18): warning C4566: символ, представленный универсальным именем символа "\u00E7", невозможно представить в текущей кодовой странице (1251)
C:\Users\79822\OneDrive\Документы\lab13\lab13\number1.h(53,18): warning C4566: символ, представленный универсальным именем символа "\u00EE", невозможно представить в текущей кодовой странице (1251)
C:\Users\79822\OneDrive\Документы\lab13\lab13\number1.h(53,18): warning C4566: символ, представленный универсальным именем символа "\u00ED", невозможно представить в текущей кодовой странице (1251)
C:\Users\79822\OneDrive\Документы\lab13\lab13\number1.h(53,18): warning C4566: символ, представленный универсальным именем символа "\u00F3", невозможно представить в текущей кодовой странице (1251)
C:\Users\79822\OneDrive\Документы\lab13\lab13\number1.h(53,18): warning C4566: символ, представленный универсальным именем символа "\u00EB", невозможно представить в текущей кодовой странице (1251)
C:\Users\79822\OneDrive\Документы\lab13\lab13\number1.h(53,18): warning C4566: символ, представленный универсальным именем символа "\u00FB", невозможно представить в текущей кодовой странице (1251)
C:\Users\79822\OneDrive\Документы\lab13\lab13\number1.h(53,18): warning C4566: символ, представленный универсальным именем символа "\u00E5", невозможно представить в текущей кодовой странице (1251)
C:\Users\79822\OneDrive\Документы\lab13\lab13\number1.h(53,18): warning C4566: символ, представленный универсальным именем символа "\u00EA", невозможно представить в текущей кодовой странице (1251)
C:\Users\79822\OneDrive\Документы\lab13\lab13\number1.h(53,18): warning C4566: символ, представленный универсальным именем символа "\u00F2", невозможно представить в текущей кодовой странице (1251)
C:\Users\79822\OneDrive\Документы\lab13\lab13\number1.h(53,18): warning C4566: символ, представленный универсальным именем символа "\u00E9", невозможно представить в текущей кодовой странице (1251)
C:\Users\79822\OneDrive\Документы\lab13\lab13\number1.h(53,18): warning C4566: символ, представленный универсальным именем символа "\u00F0", невозможно представить в текущей кодовой странице (1251)
C:\Users\79822\OneDrive\Документы\lab13\lab13\number1.h(53,18): warning C4566: символ, представленный универсальным именем символа "\u00E2", невозможно представить в текущей кодовой странице (1251)
C:\Users\79822\OneDrive\Документы\lab13\lab13\number1.h(55,18): warning C4566: символ, представленный универсальным именем символа "\u00CF", невозможно представить в текущей кодовой странице (1251)
C:\Users\79822\OneDrive\Документы\lab13\lab13\number1.h(55,18): warning C4566: символ, представленный универсальным именем символа "\u00EE", невозможно представить в текущей кодовой странице (1251)
C:\Users\79822\OneDrive\Документы\lab13\lab13\number1.h(55,18): warning C4566: символ, представленный универсальным именем символа "\u00EB", невозможно представить в текущей кодовой странице (1251)
C:\Users\79822\OneDrive\Документы\lab13\lab13\number1.h(55,18): warning C4566: символ, представленный универсальным именем символа "\u00F3", невозможно представить в текущей кодовой странице (1251)
C:\Users\79822\OneDrive\Документы\lab13\lab13\number1.h(55,18): warning C4566: символ, представленный универсальным именем символа "\u00F7", невозможно представить в текущей кодовой странице (1251)
C:\Users\79822\OneDrive\Документы\lab13\lab13\number1.h(55,18): warning C4566: символ, представленный универсальным именем символа "\u00E5", невозможно представить в текущей кодовой странице (1251)
C:\Users\79822\OneDrive\Документы\lab13\lab13\number1.h(55,18): warning C4566: символ, представленный универсальным именем символа "\u00ED", невозможно представить в текущей кодовой странице (1251)
C:\Users\79822\OneDrive\Документы\lab13\lab13\number1.h(55,18): warning C4566: символ, представленный универсальным именем символа "\u00FB", невозможно представить в текущей кодовой странице (1251)
C:\Users\79822\OneDrive\Документы\lab13\lab13\number1.h(55,18): warning C4566: символ, представленный универсальным именем символа "\u00E9", невозможно представить в текущей кодовой странице (1251)
C:\Users\79822\OneDrive\Документы\lab13\lab13\number1.h(58,18): warning C4566: символ, представленный универсальным именем символа "\u00CA", невозможно представить в текущей кодовой странице (1251)
C:\Users\79822\OneDrive\Документы\lab13\lab13\number1.h(58,18): warning C4566: символ, представленный универсальным именем символа "\u00EA", невозможно представить в текущей кодовой странице (1251)
C:\Users\79822\OneDrive\Документы\lab13\lab13\number1.h(58,18): warning C4566: символ, представленный универсальным именем символа "\u00E0", невозможно представить в текущей кодовой странице (1251)
C:\Users\79822\OneDrive\Документы\lab13\lab13\number1.h(58,18): warning C4566: символ, представленный универсальным именем символа "\u00E6", невозможно представить в текущей кодовой странице (1251)
C:\Users\79822\OneDrive\Документы\lab13\lab13\number1.h(58,18): warning C4566: символ, представленный универсальным именем символа "\u00E4", невозможно представить в текущей кодовой странице (1251)
C:\Users\79822\OneDrive\Документы\lab13\lab13\number1.h(58,18): warning C4566: символ, представленный универсальным именем символа "\u00EE", невозможно представить в текущей кодовой странице (1251)
C:\Users\79822\OneDrive\Документы\lab13\lab13\number1.h(58,18): warning C4566: символ, представленный универсальным именем символа "\u00EC", невозможно представить в текущей кодовой странице (1251)
C:\Users\79822\OneDrive\Документы\lab13\lab13\number1.h(58,18): warning C4566: символ, представленный универсальным именем символа "\u00F3", невозможно представить в текущей кодовой странице (1251)
C:\Users\79822\OneDrive\Документы\lab13\lab13\number1.h(58,18): warning C4566: символ, представленный универсальным именем символа "\u00FD", невозможно представить в текущей кодовой странице (1251)
C:\Users\79822\OneDrive\Документы\lab13\lab13\number1.h(58,18): warning C4566: символ, представленный универсальным именем символа "\u00EB", невозможно представить в текущей кодовой странице (1251)
C:\Users\79822\OneDrive\Документы\lab13\lab13\number1.h(58,18): warning C4566: символ, представленный универсальным именем символа "\u00E5", невозможно представить в текущей кодовой странице (1251)
C:\Users\79822\OneDrive\Документы\lab13\lab13\number1.h(58,18): warning C4566: символ, представленный универсальным именем символа "\u00ED", невозможно представить в текущей кодовой странице (1251)
C:\Users\79822\OneDrive\Документы\lab13\lab13\number1.h(58,18): warning C4566: символ, представленный универсальным именем символа "\u00F2", невозможно представить в текущей кодовой странице (1251)
C:\Users\79822\OneDrive\Документы\lab13\lab13\number1.h(58,18): warning C4566: символ, представленный универсальным именем символа "\u00E9", невозможно представить в текущей кодовой странице (1251)
C:\Users\79822\OneDrive\Документы\lab13\lab13\number1.h(58,18): warning C4566: символ, представленный универсальным именем символа "\u00F0", невозможно представить в текущей кодовой странице (1251)
C:\Users\79822\OneDrive\Документы\lab13\lab13\number1.h(58,18): warning C4566: символ, представленный универсальным именем символа "\u00E1", невозможно представить в текущей кодовой странице (1251)
C:\Users\79822\OneDrive\Документы\lab13\lab13\number1.h(58,18): warning C4566: символ, представленный универсальным именем символа "\u00E2", невозможно представить в текущей кодовой странице (1251)
C:\Users\79822\OneDrive\Документы\lab13\lab13\number1.h(58,18): warning C4566: символ, представленный универсальным именем символа "\u00E8", невозможно представить в текущей кодовой странице (1251)
C:\Users\79822\OneDrive\Документы\lab13\lab13\number1.h(60,18): warning C4566: символ, представленный универсальным именем символа "\u00CF", невозможно представить в текущей кодовой странице (1251)
C:\Users\79822\OneDrive\Документы\lab13\lab13\number1.h(60,18): warning C4566: символ, представленный универсальным именем символа "\u00EE", невозможно представить в текущей кодовой странице (1251)
C:\Users\79822\OneDrive\Документы\lab13\lab13\number1.h(60,18): warning C4566: символ, представленный универсальным именем символа "\u00EB", невозможно представить в текущей кодовой странице (1251)
C:\Users\79822\OneDrive\Документы\lab13\lab13\number1.h(60,18): warning C4566: символ, представленный универсальным именем символа "\u00F3", невозможно представить в текущей кодовой странице (1251)
C:\Users\79822\OneDrive\Документы\lab13\lab13\number1.h(60,18): warning C4566: символ, представленный универсальным именем символа "\u00F7", невозможно представить в текущей кодовой странице (1251)
C:\Users\79822\OneDrive\Документы\lab13\lab13\number1.h(60,18): warning C4566: символ, представленный универсальным именем символа "\u00E5", невозможно представить в текущей кодовой странице (1251)
C:\Users\79822\OneDrive\Документы\lab13\lab13\number1.h(60,18): warning C4566: символ, представленный универсальным именем символа "\u00ED", невозможно представить в текущей кодовой странице (1251)
C:\Users\79822\OneDrive\Документы\lab13\lab13\number1.h(60,18): warning C4566: символ, представленный универсальным именем символа "\u00FB", невозможно представить в текущей кодовой странице (1251)
C:\Users\79822\OneDrive\Документы\lab13\lab13\number1.h(60,18): warning C4566: символ, представленный универсальным именем символа "\u00E9", невозможно представить в текущей кодовой странице (1251)
C:\Users\79822\OneDrive\Документы\lab13\lab13\number1.h(63,18): warning C4566: символ, представленный универсальным именем символа "\u00CD", невозможно представить в текущей кодовой странице (1251)
C:\Users\79822\OneDrive\Документы\lab13\lab13\number1.h(63,18): warning C4566: символ, представленный универсальным именем символа "\u00E0", невозможно представить в текущей кодовой странице (1251)
C:\Users\79822\OneDrive\Документы\lab13\lab13\number1.h(63,18): warning C4566: символ, представленный универсальным именем символа "\u00E9", невозможно представить в текущей кодовой странице (1251)
C:\Users\79822\OneDrive\Документы\lab13\lab13\number1.h(63,18): warning C4566: символ, представленный универсальным именем символа "\u00E4", невозможно представить в текущей кодовой странице (1251)
C:\Users\79822\OneDrive\Документы\lab13\lab13\number1.h(63,18): warning C4566: символ, представленный универсальным именем символа "\u00E5", невозможно представить в текущей кодовой странице (1251)
C:\Users\79822\OneDrive\Документы\lab13\lab13\number1.h(63,18): warning C4566: символ, представленный универсальным именем символа "\u00EC", невозможно представить в текущей кодовой странице (1251)
C:\Users\79822\OneDrive\Документы\lab13\lab13\number1.h(63,18): warning C4566: символ, представленный универсальным именем символа "\u00E2", невозможно представить в текущей кодовой странице (1251)
C:\Users\79822\OneDrive\Документы\lab13\lab13\number1.h(63,18): warning C4566: символ, представленный универсальным именем символа "\u00ED", невозможно представить в текущей кодовой странице (1251)
C:\Users\79822\OneDrive\Документы\lab13\lab13\number1.h(63,18): warning C4566: символ, представленный универсальным именем символа "\u00EE", невозможно представить в текущей кодовой странице (1251)
C:\Users\79822\OneDrive\Документы\lab13\lab13\number1.h(63,18): warning C4566: символ, представленный универсальным именем символа "\u00EA", невозможно представить в текущей кодовой странице (1251)
C:\Users\79822\OneDrive\Документы\lab13\lab13\number1.h(63,18): warning C4566: символ, представленный универсальным именем символа "\u00F2", невозможно представить в текущей кодовой странице (1251)
C:\Users\79822\OneDrive\Документы\lab13\lab13\number1.h(63,18): warning C4566: символ, представленный универсальным именем символа "\u00F0", невозможно представить в текущей кодовой странице (1251)
C:\Users\79822\OneDrive\Документы\lab13\lab13\number1.h(63,18): warning C4566: символ, представленный универсальным именем символа "\u00EB", невозможно представить в текущей кодовой странице (1251)
C:\Users\79822\OneDrive\Документы\lab13\lab13\number1.h(63,18): warning C4566: символ, представленный универсальным именем символа "\u00E8", невозможно представить в текущей кодовой странице (1251)
C:\Users\79822\OneDrive\Документы\lab13\lab13\number1.h(63,18): warning C4566: символ, представленный универсальным именем символа "\u00E3", невозможно представить в текущей кодовой странице (1251)
C:\Users\79822\OneDrive\Документы\lab13\lab13\number1.h(63,18): warning C4566: символ, представленный универсальным именем символа "\u00F1", невозможно представить в текущей кодовой странице (1251)
C:\Users\79822\OneDrive\Документы\lab13\lab13\number1.h(64,10): warning C4566: символ, представленный универсальным именем символа "\u00C2", невозможно представить в текущей кодовой странице (1251)
C:\Users\79822\OneDrive\Документы\lab13\lab13\number1.h(64,10): warning C4566: символ, представленный универсальным именем символа "\u00E2", невозможно представить в текущей кодовой странице (1251)
C:\Users\79822\OneDrive\Документы\lab13\lab13\number1.h(64,10): warning C4566: символ, представленный универсальным именем символа "\u00E5", невозможно представить в текущей кодовой странице (1251)
C:\Users\79822\OneDrive\Документы\lab13\lab13\number1.h(64,10): warning C4566: символ, представленный универсальным именем символа "\u00E4", невозможно представить в текущей кодовой странице (1251)
C:\Users\79822\OneDrive\Документы\lab13\lab13\number1.h(64,10): warning C4566: символ, представленный универсальным именем символа "\u00E8", невозможно представить в текущей кодовой странице (1251)
C:\Users\79822\OneDrive\Документы\lab13\lab13\number1.h(64,10): warning C4566: символ, представленный универсальным именем символа "\u00F2", невозможно представить в текущей кодовой странице (1251)
C:\Users\79822\OneDrive\Документы\lab13\lab13\number1.h(64,10): warning C4566: символ, представленный универсальным именем символа "\u00FD", невозможно представить в текущей кодовой странице (1251)
C:\Users\79822\OneDrive\Документы\lab13\lab13\number1.h(64,10): warning C4566: символ, представленный универсальным именем символа "\u00EB", невозможно представить в текущей кодовой странице (1251)
C:\Users\79822\OneDrive\Документы\lab13\lab13\number1.h(64,10): warning C4566: символ, представленный универсальным именем символа "\u00EC", невозможно представить в текущей кодовой странице (1251)
C:\Users\79822\OneDrive\Документы\lab13\lab13\number1.h(64,10): warning C4566: символ, представленный универсальным именем символа "\u00ED", невозможно представить в текущей кодовой странице (1251)
C:\Users\79822\OneDrive\Документы\lab13\lab13\number1.h(64,10): warning C4566: символ, представленный универсальным именем символа "\u00FF", невозможно представить в текущей кодовой странице (1251)
C:\Users\79822\OneDrive\Документы\lab13\lab13\number1.h(64,10): warning C4566: символ, представленный универсальным именем символа "\u00EF", невозможно представить в текущей кодовой странице (1251)
C:\Users\79822\OneDrive\Документы\lab13\lab13\number1.h(64,10): warning C4566: символ, представленный универсальным именем символа "\u00EE", невозможно представить в текущей кодовой странице (1251)
C:\Users\79822\OneDrive\Документы\lab13\lab13\number1.h(64,10): warning C4566: символ, представленный универсальным именем символа "\u00F1", невозможно представить в текущей кодовой странице (1251)
C:\Users\79822\OneDrive\Документы\lab13\lab13\number1.h(64,10): warning C4566: символ, представленный универсальным именем символа "\u00EA", невозможно представить в текущей кодовой странице (1251)
C:\Users\79822\OneDrive\Документы\lab13\lab13\number1.h(64,10): warning C4566: символ, представленный универсальным именем символа "\u00E0", невозможно представить в текущей кодовой странице (1251)
C:\Users\79822\OneDrive\Документы\lab13\lab13\number1.h(67,11): warning C4566: символ, представленный универсальным именем символа "\u00CD", невозможно представить в текущей кодовой странице (1251)
C:\Users\79822\OneDrive\Документы\lab13\lab13\number1.h(67,11): warning C4566: символ, представленный универсальным именем символа "\u00EE", невозможно представить в текущей кодовой странице (1251)
C:\Users\79822\OneDrive\Документы\lab13\lab13\number1.h(67,11): warning C4566: символ, представленный универсальным именем символа "\u00EC", невозможно представить в текущей кодовой странице (1251)
C:\Users\79822\OneDrive\Документы\lab13\lab13\number1.h(67,11): warning C4566: символ, представленный универсальным именем символа "\u00E5", невозможно представить в текущей кодовой странице (1251)
C:\Users\79822\OneDrive\Документы\lab13\lab13\number1.h(67,11): warning C4566: символ, представленный универсальным именем символа "\u00F0", невозможно представить в текущей кодовой странице (1251)
C:\Users\79822\OneDrive\Документы\lab13\lab13\number1.h(67,11): warning C4566: символ, представленный универсальным именем символа "\u00FD", невозможно представить в текущей кодовой странице (1251)
C:\Users\79822\OneDrive\Документы\lab13\lab13\number1.h(67,11): warning C4566: символ, представленный универсальным именем символа "\u00EB", невозможно представить в текущей кодовой странице (1251)
C:\Users\79822\OneDrive\Документы\lab13\lab13\number1.h(67,11): warning C4566: символ, представленный универсальным именем символа "\u00ED", невозможно представить в текущей кодовой странице (1251)
C:\Users\79822\OneDrive\Документы\lab13\lab13\number1.h(67,11): warning C4566: символ, представленный универсальным именем символа "\u00F2", невозможно представить в текущей кодовой странице (1251)
C:\Users\79822\OneDrive\Документы\lab13\lab13\number1.h(67,11): warning C4566: символ, представленный универсальным именем символа "\u00E0", невозможно представить в текущей кодовой странице (1251)
C:\Users\79822\OneDrive\Документы\lab13\lab13\number1.h(67,79): warning C4566: символ, представленный универсальным именем символа "\u00DD", невозможно представить в текущей кодовой странице (1251)
C:\Users\79822\OneDrive\Документы\lab13\lab13\number1.h(67,79): warning C4566: символ, представленный универсальным именем символа "\u00EB", невозможно представить в текущей кодовой странице (1251)
C:\Users\79822\OneDrive\Документы\lab13\lab13\number1.h(67,79): warning C4566: символ, представленный универсальным именем символа "\u00E5", невозможно представить в текущей кодовой странице (1251)
C:\Users\79822\OneDrive\Документы\lab13\lab13\number1.h(67,79): warning C4566: символ, представленный универсальным именем символа "\u00EC", невозможно представить в текущей кодовой странице (1251)
C:\Users\79822\OneDrive\Документы\lab13\lab13\number1.h(67,79): warning C4566: символ, представленный универсальным именем символа "\u00ED", невозможно представить в текущей кодовой странице (1251)
C:\Users\79822\OneDrive\Документы\lab13\lab13\number1.h(67,79): warning C4566: символ, представленный универсальным именем символа "\u00F2", невозможно представить в текущей кодовой странице (1251)
C:\Users\79822\OneDrive\Документы\lab13\lab13\number1.h(69,11): warning C4566: символ, представленный универсальным именем символа "\u00DD", невозможно представить в текущей кодовой странице (1251)
C:\Users\79822\OneDrive\Документы\lab13\lab13\number1.h(69,11): warning C4566: символ, представленный универсальным именем символа "\u00EB", невозможно представить в текущей кодовой странице (1251)
C:\Users\79822\OneDrive\Документы\lab13\lab13\number1.h(69,11): warning C4566: символ, представленный универсальным именем символа "\u00E5", невозможно представить в текущей кодовой странице (1251)
C:\Users\79822\OneDrive\Документы\lab13\lab13\number1.h(69,11): warning C4566: символ, представленный универсальным именем символа "\u00EC", невозможно представить в текущей кодовой странице (1251)
C:\Users\79822\OneDrive\Документы\lab13\lab13\number1.h(69,11): warning C4566: символ, представленный универсальным именем символа "\u00ED", невозможно представить в текущей кодовой странице (1251)
C:\Users\79822\OneDrive\Документы\lab13\lab13\number1.h(69,11): warning C4566: символ, представленный универсальным именем символа "\u00F2", невозможно представить в текущей кодовой странице (1251)
C:\Users\79822\OneDrive\Документы\lab13\lab13\number1.h(69,11): warning C4566: символ, представленный универсальным именем символа "\u00E0", невозможно представить в текущей кодовой странице (1251)
C:\Users\79822\OneDrive\Документы\lab13\lab13\number1.h(69,11): warning C4566: символ, представленный универсальным именем символа "\u00E9", невозможно представить в текущей кодовой странице (1251)
C:\Users\79822\OneDrive\Документы\lab13\lab13\number1.h(69,11): warning C4566: символ, представленный универсальным именем символа "\u00E4", невозможно представить в текущей кодовой странице (1251)
C:\Users\79822\OneDrive\Документы\lab13\lab13\number1.h(70,18): warning C4566: символ, представленный универсальным именем символа "\u00CE", невозможно представить в текущей кодовой странице (1251)
C:\Users\79822\OneDrive\Документы\lab13\lab13\number1.h(70,18): warning C4566: символ, представленный универсальным именем символа "\u00F2", невозможно представить в текущей кодовой странице (1251)
C:\Users\79822\OneDrive\Документы\lab13\lab13\number1.h(70,18): warning C4566: символ, представленный универсальным именем символа "\u00F1", невозможно представить в текущей кодовой странице (1251)
C:\Users\79822\OneDrive\Документы\lab13\lab13\number1.h(70,18): warning C4566: символ, представленный универсальным именем символа "\u00EE", невозможно представить в текущей кодовой странице (1251)
C:\Users\79822\OneDrive\Документы\lab13\lab13\number1.h(70,18): warning C4566: символ, представленный универсальным именем символа "\u00F0", невозможно представить в текущей кодовой странице (1251)
C:\Users\79822\OneDrive\Документы\lab13\lab13\number1.h(70,18): warning C4566: символ, представленный универсальным именем символа "\u00E8", невозможно представить в текущей кодовой странице (1251)
C:\Users\79822\OneDrive\Документы\lab13\lab13\number1.h(70,18): warning C4566: символ, представленный универсальным именем символа "\u00F3", невозможно представить в текущей кодовой странице (1251)
C:\Users\79822\OneDrive\Документы\lab13\lab13\number1.h(70,18): warning C4566: символ, представленный универсальным именем символа "\u00E5", невозможно представить в текущей кодовой странице (1251)
C:\Users\79822\OneDrive\Документы\lab13\lab13\number1.h(70,18): warning C4566: символ, представленный универсальным именем символа "\u00EC", невозможно представить в текущей кодовой странице (1251)
C:\Users\79822\OneDrive\Документы\lab13\lab13\number1.h(70,18): warning C4566: символ, представленный универсальным именем символа "\u00EA", невозможно представить в текущей кодовой странице (1251)
C:\Users\79822\OneDrive\Документы\lab13\lab13\number1.h(70,18): warning C4566: символ, представленный универсальным именем символа "\u00ED", невозможно представить в текущей кодовой странице (1251)
C:\Users\79822\OneDrive\Документы\lab13\lab13\number1.h(70,18): warning C4566: символ, представленный универсальным именем символа "\u00E9", невозможно представить в текущей кодовой странице (1251)
C:\Users\79822\OneDrive\Документы\lab13\lab13\number1.h(70,18): warning C4566: символ, представленный универсальным именем символа "\u00EF", невозможно представить в текущей кодовой странице (1251)
C:\Users\79822\OneDrive\Документы\lab13\lab13\number1.h(70,18): warning C4566: символ, представленный универсальным именем символа "\u00E2", невозможно представить в текущей кодовой странице (1251)
C:\Users\79822\OneDrive\Документы\lab13\lab13\number1.h(70,18): warning C4566: символ, представленный универсальным именем символа "\u00E7", невозможно представить в текущей кодовой странице (1251)
C:\Users\79822\OneDrive\Документы\lab13\lab13\number1.h(70,18): warning C4566: символ, представленный универсальным именем символа "\u00E0", невозможно представить в текущей кодовой странице (1251)
C:\Users\79822\OneDrive\Документы\lab13\lab13\number1.h(70,18): warning C4566: символ, представленный универсальным именем символа "\u00FE", невозможно представить в текущей кодовой странице (1251)
C:\Users\79822\OneDrive\Документы\lab13\lab13\number1.h(72,18): warning C4566: символ, представленный универсальным именем символа "\u00CF", невозможно представить в текущей кодовой странице (1251)
C:\Users\79822\OneDrive\Документы\lab13\lab13\number1.h(72,18): warning C4566: символ, представленный универсальным именем символа "\u00EE", невозможно представить в текущей кодовой странице (1251)
C:\Users\79822\OneDrive\Документы\lab13\lab13\number1.h(72,18): warning C4566: символ, представленный универсальным именем символа "\u00EB", невозможно представить в текущей кодовой странице (1251)
C:\Users\79822\OneDrive\Документы\lab13\lab13\number1.h(72,18): warning C4566: символ, представленный универсальным именем символа "\u00F3", невозможно представить в текущей кодовой странице (1251)
C:\Users\79822\OneDrive\Документы\lab13\lab13\number1.h(72,18): warning C4566: символ, представленный универсальным именем символа "\u00F7", невозможно представить в текущей кодовой странице (1251)
C:\Users\79822\OneDrive\Документы\lab13\lab13\number1.h(72,18): warning C4566: символ, представленный универсальным именем символа "\u00E5", невозможно представить в текущей кодовой странице (1251)
C:\Users\79822\OneDrive\Документы\lab13\lab13\number1.h(72,18): warning C4566: символ, представленный универсальным именем символа "\u00ED", невозможно представить в текущей кодовой странице (1251)
C:\Users\79822\OneDrive\Документы\lab13\lab13\number1.h(72,18): warning C4566: символ, представленный универсальным именем символа "\u00FB", невозможно представить в текущей кодовой странице (1251)
C:\Users\79822\OneDrive\Документы\lab13\lab13\number1.h(72,18): warning C4566: символ, представленный универсальным именем символа "\u00E9", невозможно представить в текущей кодовой странице (1251)
C:\Users\79822\OneDrive\Документы\lab13\lab13\number1.h(75,18): warning C4566: символ, представленный универсальным именем символа "\u00CE", невозможно представить в текущей кодовой странице (1251)
C:\Users\79822\OneDrive\Документы\lab13\lab13\number1.h(75,18): warning C4566: символ, представленный универсальным именем символа "\u00F2", невозможно представить в текущей кодовой странице (1251)
C:\Users\79822\OneDrive\Документы\lab13\lab13\number1.h(75,18): warning C4566: символ, представленный универсальным именем символа "\u00F1", невозможно представить в текущей кодовой странице (1251)
C:\Users\79822\OneDrive\Документы\lab13\lab13\number1.h(75,18): warning C4566: символ, представленный универсальным именем символа "\u00EE", невозможно представить в текущей кодовой странице (1251)
C:\Users\79822\OneDrive\Документы\lab13\lab13\number1.h(75,18): warning C4566: символ, представленный универсальным именем символа "\u00F0", невозможно представить в текущей кодовой странице (1251)
C:\Users\79822\OneDrive\Документы\lab13\lab13\number1.h(75,18): warning C4566: символ, представленный универсальным именем символа "\u00E8", невозможно представить в текущей кодовой странице (1251)
C:\Users\79822\OneDrive\Документы\lab13\lab13\number1.h(75,18): warning C4566: символ, представленный универсальным именем символа "\u00F3", невозможно представить в текущей кодовой странице (1251)
C:\Users\79822\OneDrive\Документы\lab13\lab13\number1.h(75,18): warning C4566: символ, представленный универсальным именем символа "\u00E5", невозможно представить в текущей кодовой странице (1251)
C:\Users\79822\OneDrive\Документы\lab13\lab13\number1.h(75,18): warning C4566: символ, представленный универсальным именем символа "\u00EC", невозможно представить в текущей кодовой странице (1251)
C:\Users\79822\OneDrive\Документы\lab13\lab13\number1.h(75,18): warning C4566: символ, представленный универсальным именем символа "\u00EA", невозможно представить в текущей кодовой странице (1251)
C:\Users\79822\OneDrive\Документы\lab13\lab13\number1.h(75,18): warning C4566: символ, представленный универсальным именем символа "\u00ED", невозможно представить в текущей кодовой странице (1251)
C:\Users\79822\OneDrive\Документы\lab13\lab13\number1.h(75,18): warning C4566: символ, представленный универсальным именем символа "\u00E9", невозможно представить в текущей кодовой странице (1251)
C:\Users\79822\OneDrive\Документы\lab13\lab13\number1.h(75,18): warning C4566: символ, представленный универсальным именем символа "\u00EF", невозможно представить в текущей кодовой странице (1251)
C:\Users\79822\OneDrive\Документы\lab13\lab13\number1.h(75,18): warning C4566: символ, представленный универсальным именем символа "\u00E1", невозможно представить в текущей кодовой странице (1251)
C:\Users\79822\OneDrive\Документы\lab13\lab13\number1.h(75,18): warning C4566: символ, представленный универсальным именем символа "\u00FB", невозможно представить в текущей кодовой странице (1251)
C:\Users\79822\OneDrive\Документы\lab13\lab13\number1.h(75,18): warning C4566: символ, представленный универсальным именем символа "\u00E2", невозможно представить в текущей кодовой странице (1251)
C:\Users\79822\OneDrive\Документы\lab13\lab13\number1.h(75,18): warning C4566: символ, представленный универсальным именем символа "\u00E0", невозможно представить в текущей кодовой странице (1251)
C:\Users\79822\OneDrive\Документы\lab13\lab13\number1.h(75,18): warning C4566: символ, представленный универсальным именем символа "\u00FE", невозможно представить в текущей кодовой странице (1251)
C:\Users\79822\OneDrive\Документы\lab13\lab13\number1.h(77,18): warning C4566: символ, представленный универсальным именем символа "\u00CF", невозможно представить в текущей кодовой странице (1251)
C:\Users\79822\OneDrive\Документы\lab13\lab13\number1.h(77,18): warning C4566: символ, представленный универсальным именем символа "\u00EE", невозможно представить в текущей кодовой странице (1251)
C:\Users\79822\OneDrive\Документы\lab13\lab13\number1.h(77,18): warning C4566: символ, представленный универсальным именем символа "\u00EB", невозможно представить в текущей кодовой странице (1251)
C:\Users\79822\OneDrive\Документы\lab13\lab13\number1.h(77,18): warning C4566: символ, представленный универсальным именем символа "\u00F3", невозможно представить в текущей кодовой странице (1251)
C:\Users\79822\OneDrive\Документы\lab13\lab13\number1.h(77,18): warning C4566: символ, представленный универсальным именем символа "\u00F7", невозможно представить в текущей кодовой странице (1251)
C:\Users\79822\OneDrive\Документы\lab13\lab13\number1.h(77,18): warning C4566: символ, представленный универсальным именем символа "\u00E5", невозможно представить в текущей кодовой странице (1251)
C:\Users\79822\OneDrive\Документы\lab13\lab13\number1.h(77,18): warning C4566: символ, представленный универсальным именем символа "\u00ED", невозможно представить в текущей кодовой странице (1251)
C:\Users\79822\OneDrive\Документы\lab13\lab13\number1.h(77,18): warning C4566: символ, представленный универсальным именем символа "\u00FB", невозможно представить в текущей кодовой странице (1251)
C:\Users\79822\OneDrive\Документы\lab13\lab13\number1.h(77,18): warning C4566: символ, представленный универсальным именем символа "\u00E9", невозможно представить в текущей кодовой странице (1251)
C:\Users\79822\OneDrive\Документы\lab13\lab13\number2.h(70,23): warning C4267: аргумент: преобразование из "size_t" в "const int"; возможна потеря данных
C:\Users\79822\OneDrive\Документы\lab13\lab13\number3.h(8,18): warning C4566: символ, представленный универсальным именем символа "\u00CF", невозможно представить в текущей кодовой странице (1251)
C:\Users\79822\OneDrive\Документы\lab13\lab13\number3.h(8,18): warning C4566: символ, представленный универсальным именем символа "\u00EE", невозможно представить в текущей кодовой странице (1251)
C:\Users\79822\OneDrive\Документы\lab13\lab13\number3.h(8,18): warning C4566: символ, представленный универсальным именем символа "\u00EB", невозможно представить в текущей кодовой странице (1251)
C:\Users\79822\OneDrive\Документы\lab13\lab13\number3.h(8,18): warning C4566: символ, представленный универсальным именем символа "\u00F3", невозможно представить в текущей кодовой странице (1251)
C:\Users\79822\OneDrive\Документы\lab13\lab13\number3.h(8,18): warning C4566: символ, представленный универсальным именем символа "\u00F7", невозможно представить в текущей кодовой странице (1251)
C:\Users\79822\OneDrive\Документы\lab13\lab13\number3.h(8,18): warning C4566: символ, представленный универсальным именем символа "\u00E5", невозможно представить в текущей кодовой странице (1251)
C:\Users\79822\OneDrive\Документы\lab13\lab13\number3.h(8,18): warning C4566: символ, представленный универсальным именем символа "\u00ED", невозможно представить в текущей кодовой странице (1251)
C:\Users\79822\OneDrive\Документы\lab13\lab13\number3.h(8,18): warning C4566: символ, представленный универсальным именем символа "\u00FB", невозможно представить в текущей кодовой странице (1251)
C:\Users\79822\OneDrive\Документы\lab13\lab13\number3.h(8,18): warning C4566: символ, представленный универсальным именем символа "\u00E9", невозможно представить в текущей кодовой странице (1251)
C:\Users\79822\OneDrive\Документы\lab13\lab13\number3.h(18,37): warning C4267: аргумент: преобразование из "size_t" в "const int"; возможна потеря данных
C:\Users\79822\OneDrive\Документы\lab13\lab13\number3.h(24,10): warning C4566: символ, представленный универсальным именем символа "\u00C2", невозможно представить в текущей кодовой странице (1251)
C:\Users\79822\OneDrive\Документы\lab13\lab13\number3.h(24,10): warning C4566: символ, представленный универсальным именем символа "\u00E2", невозможно представить в текущей кодовой странице (1251)
C:\Users\79822\OneDrive\Документы\lab13\lab13\number3.h(24,10): warning C4566: символ, представленный универсальным именем символа "\u00E5", невозможно представить в текущей кодовой странице (1251)
C:\Users\79822\OneDrive\Документы\lab13\lab13\number3.h(24,10): warning C4566: символ, представленный универсальным именем символа "\u00E4", невозможно представить в текущей кодовой странице (1251)
C:\Users\79822\OneDrive\Документы\lab13\lab13\number3.h(24,10): warning C4566: символ, представленный универсальным именем символа "\u00E8", невозможно представить в текущей кодовой странице (1251)
C:\Users\79822\OneDrive\Документы\lab13\lab13\number3.h(24,10): warning C4566: символ, представленный универсальным именем символа "\u00F2", невозможно представить в текущей кодовой странице (1251)
C:\Users\79822\OneDrive\Документы\lab13\lab13\number3.h(24,10): warning C4566: символ, представленный универсальным именем символа "\u00EA", невозможно представить в текущей кодовой странице (1251)
C:\Users\79822\OneDrive\Документы\lab13\lab13\number3.h(24,10): warning C4566: символ, представленный универсальным именем символа "\u00EB", невозможно представить в текущей кодовой странице (1251)
C:\Users\79822\OneDrive\Документы\lab13\lab13\number3.h(24,10): warning C4566: символ, представленный универсальным именем символа "\u00FE", невозможно представить в текущей кодовой странице (1251)
C:\Users\79822\OneDrive\Документы\lab13\lab13\number3.h(24,10): warning C4566: символ, представленный универсальным именем символа "\u00F7", невозможно представить в текущей кодовой странице (1251)
C:\Users\79822\OneDrive\Документы\lab13\lab13\number3.h(24,10): warning C4566: символ, представленный универсальным именем символа "\u00FF", невозможно представить в текущей кодовой странице (1251)
C:\Users\79822\OneDrive\Документы\lab13\lab13\number3.h(24,10): warning C4566: символ, представленный универсальным именем символа "\u00F3", невозможно представить в текущей кодовой странице (1251)
C:\Users\79822\OneDrive\Документы\lab13\lab13\number3.h(24,10): warning C4566: символ, представленный универсальным именем символа "\u00E0", невозможно представить в текущей кодовой странице (1251)
C:\Users\79822\OneDrive\Документы\lab13\lab13\number3.h(24,10): warning C4566: символ, представленный универсальным именем символа "\u00ED", невозможно представить в текущей кодовой странице (1251)
C:\Users\79822\OneDrive\Документы\lab13\lab13\number3.h(40,10): warning C4566: символ, представленный универсальным именем символа "\u00C2", невозможно представить в текущей кодовой странице (1251)
C:\Users\79822\OneDrive\Документы\lab13\lab13\number3.h(40,10): warning C4566: символ, представленный универсальным именем символа "\u00E2", невозможно представить в текущей кодовой странице (1251)
C:\Users\79822\OneDrive\Документы\lab13\lab13\number3.h(40,10): warning C4566: символ, представленный универсальным именем символа "\u00E5", невозможно представить в текущей кодовой странице (1251)
C:\Users\79822\OneDrive\Документы\lab13\lab13\number3.h(40,10): warning C4566: символ, представленный универсальным именем символа "\u00E4", невозможно представить в текущей кодовой странице (1251)
C:\Users\79822\OneDrive\Документы\lab13\lab13\number3.h(40,10): warning C4566: символ, представленный универсальным именем символа "\u00E8", невозможно представить в текущей кодовой странице (1251)
C:\Users\79822\OneDrive\Документы\lab13\lab13\number3.h(40,10): warning C4566: символ, представленный универсальным именем символа "\u00F2", невозможно представить в текущей кодовой странице (1251)
C:\Users\79822\OneDrive\Документы\lab13\lab13\number3.h(40,10): warning C4566: символ, представленный универсальным именем символа "\u00EA", невозможно представить в текущей кодовой странице (1251)
C:\Users\79822\OneDrive\Документы\lab13\lab13\number3.h(40,10): warning C4566: символ, представленный универсальным именем символа "\u00EB", невозможно представить в текущей кодовой странице (1251)
C:\Users\79822\OneDrive\Документы\lab13\lab13\number3.h(40,10): warning C4566: символ, представленный универсальным именем символа "\u00FE", невозможно представить в текущей кодовой странице (1251)
C:\Users\79822\OneDrive\Документы\lab13\lab13\number3.h(40,10): warning C4566: символ, представленный универсальным именем символа "\u00F7", невозможно представить в текущей кодовой странице (1251)
C:\Users\79822\OneDrive\Документы\lab13\lab13\number3.h(40,10): warning C4566: символ, представленный универсальным именем символа "\u00FF", невозможно представить в текущей кодовой странице (1251)
C:\Users\79822\OneDrive\Документы\lab13\lab13\number3.h(40,10): warning C4566: символ, представленный универсальным именем символа "\u00EF", невозможно представить в текущей кодовой странице (1251)
C:\Users\79822\OneDrive\Документы\lab13\lab13\number3.h(40,10): warning C4566: символ, представленный универсальным именем символа "\u00EE", невозможно представить в текущей кодовой странице (1251)
C:\Users\79822\OneDrive\Документы\lab13\lab13\number3.h(40,10): warning C4566: символ, представленный универсальным именем символа "\u00F1", невозможно представить в текущей кодовой странице (1251)
C:\Users\79822\OneDrive\Документы\lab13\lab13\number3.h(40,10): warning C4566: символ, представленный универсальным именем символа "\u00E0", невозможно представить в текущей кодовой странице (1251)
C:\Users\79822\OneDrive\Документы\lab13\lab13\number3.h(43,11): warning C4566: символ, представленный универсальным именем символа "\u00CA", невозможно представить в текущей кодовой странице (1251)
C:\Users\79822\OneDrive\Документы\lab13\lab13\number3.h(43,11): warning C4566: символ, представленный универсальным именем символа "\u00EB", невозможно представить в текущей кодовой странице (1251)
C:\Users\79822\OneDrive\Документы\lab13\lab13\number3.h(43,11): warning C4566: символ, представленный универсальным именем символа "\u00FE", невозможно представить в текущей кодовой странице (1251)
C:\Users\79822\OneDrive\Документы\lab13\lab13\number3.h(43,11): warning C4566: символ, представленный универсальным именем символа "\u00F7", невозможно представить в текущей кодовой странице (1251)
C:\Users\79822\OneDrive\Документы\lab13\lab13\number3.h(43,32): warning C4566: символ, представленный универсальным именем символа "\u00C7", невозможно представить в текущей кодовой странице (1251)
C:\Users\79822\OneDrive\Документы\lab13\lab13\number3.h(43,32): warning C4566: символ, представленный универсальным именем символа "\u00ED", невозможно представить в текущей кодовой странице (1251)
C:\Users\79822\OneDrive\Документы\lab13\lab13\number3.h(43,32): warning C4566: символ, представленный универсальным именем символа "\u00E0", невозможно представить в текущей кодовой странице (1251)
C:\Users\79822\OneDrive\Документы\lab13\lab13\number3.h(43,32): warning C4566: символ, представленный универсальным именем символа "\u00F7", невозможно представить в текущей кодовой странице (1251)
C:\Users\79822\OneDrive\Документы\lab13\lab13\number3.h(43,32): warning C4566: символ, представленный универсальным именем символа "\u00E5", невозможно представить в текущей кодовой странице (1251)
C:\Users\79822\OneDrive\Документы\lab13\lab13\number3.h(43,32): warning C4566: символ, представленный универсальным именем символа "\u00E8", невозможно представить в текущей кодовой странице (1251)
C:\Users\79822\OneDrive\Документы\lab13\lab13\number3.h(44,15): warning C4566: символ, представленный универсальным именем символа "\u00DD", невозможно представить в текущей кодовой странице (1251)
C:\Users\79822\OneDrive\Документы\lab13\lab13\number3.h(44,15): warning C4566: символ, представленный универсальным именем символа "\u00EB", невозможно представить в текущей кодовой странице (1251)
C:\Users\79822\OneDrive\Документы\lab13\lab13\number3.h(44,15): warning C4566: символ, представленный универсальным именем символа "\u00E5", невозможно представить в текущей кодовой странице (1251)
C:\Users\79822\OneDrive\Документы\lab13\lab13\number3.h(44,15): warning C4566: символ, представленный универсальным именем символа "\u00EC", невозможно представить в текущей кодовой странице (1251)
C:\Users\79822\OneDrive\Документы\lab13\lab13\number3.h(44,15): warning C4566: символ, представленный универсальным именем символа "\u00ED", невозможно представить в текущей кодовой странице (1251)
C:\Users\79822\OneDrive\Документы\lab13\lab13\number3.h(44,15): warning C4566: символ, представленный универсальным именем символа "\u00F2", невозможно представить в текущей кодовой странице (1251)
C:\Users\79822\OneDrive\Документы\lab13\lab13\number3.h(44,15): warning C4566: символ, представленный универсальным именем символа "\u00E0", невозможно представить в текущей кодовой странице (1251)
C:\Users\79822\OneDrive\Документы\lab13\lab13\number3.h(44,15): warning C4566: символ, представленный универсальным именем символа "\u00F1", невозможно представить в текущей кодовой странице (1251)
C:\Users\79822\OneDrive\Документы\lab13\lab13\number3.h(44,15): warning C4566: символ, представленный универсальным именем символа "\u00EA", невозможно представить в текущей кодовой странице (1251)
C:\Users\79822\OneDrive\Документы\lab13\lab13\number3.h(44,15): warning C4566: символ, представленный универсальным именем символа "\u00E8", невозможно представить в текущей кодовой странице (1251)
C:\Users\79822\OneDrive\Документы\lab13\lab13\number3.h(44,15): warning C4566: символ, представленный универсальным именем символа "\u00FE", невозможно представить в текущей кодовой странице (1251)
C:\Users\79822\OneDrive\Документы\lab13\lab13\number3.h(44,15): warning C4566: символ, представленный универсальным именем символа "\u00F7", невозможно представить в текущей кодовой странице (1251)
C:\Users\79822\OneDrive\Документы\lab13\lab13\number3.h(44,15): warning C4566: символ, представленный универсальным именем символа "\u00EE", невозможно представить в текущей кодовой странице (1251)
C:\Users\79822\OneDrive\Документы\lab13\lab13\number3.h(44,15): warning C4566: символ, представленный универсальным именем символа "\u00E2", невозможно представить в текущей кодовой странице (1251)
C:\Users\79822\OneDrive\Документы\lab13\lab13\number3.h(44,15): warning C4566: символ, представленный универсальным именем символа "\u00F0", невозможно представить в текущей кодовой странице (1251)
C:\Users\79822\OneDrive\Документы\lab13\lab13\number3.h(54,38): warning C4566: символ, представленный универсальным именем символа "\u00CA", невозможно представить в текущей кодовой странице (1251)
C:\Users\79822\OneDrive\Документы\lab13\lab13\number3.h(54,38): warning C4566: символ, представленный универсальным именем символа "\u00EB", невозможно представить в текущей кодовой странице (1251)
C:\Users\79822\OneDrive\Документы\lab13\lab13\number3.h(54,38): warning C4566: символ, представленный универсальным именем символа "\u00FE", невозможно представить в текущей кодовой странице (1251)
C:\Users\79822\OneDrive\Документы\lab13\lab13\number3.h(54,38): warning C4566: символ, представленный универсальным именем символа "\u00F7", невозможно представить в текущей кодовой странице (1251)
C:\Users\79822\OneDrive\Документы\lab13\lab13\number3.h(64,39): warning C4566: символ, представленный универсальным именем символа "\u00CA", невозможно представить в текущей кодовой странице (1251)
C:\Users\79822\OneDrive\Документы\lab13\lab13\number3.h(64,39): warning C4566: символ, представленный универсальным именем символа "\u00EB", невозможно представить в текущей кодовой странице (1251)
C:\Users\79822\OneDrive\Документы\lab13\lab13\number3.h(64,39): warning C4566: символ, представленный универсальным именем символа "\u00FE", невозможно представить в текущей кодовой странице (1251)
C:\Users\79822\OneDrive\Документы\lab13\lab13\number3.h(64,39): warning C4566: символ, представленный универсальным именем символа "\u00F7", невозможно представить в текущей кодовой странице (1251)
C:\Users\79822\OneDrive\Документы\lab13\lab13\number3.h(75,10): warning C4566: символ, представленный универсальным именем символа "\u00C2", невозможно представить в текущей кодовой странице (1251)
C:\Users\79822\OneDrive\Документы\lab13\lab13\number3.h(75,10): warning C4566: символ, представленный универсальным именем символа "\u00E2", невозможно представить в текущей кодовой странице (1251)
C:\Users\79822\OneDrive\Документы\lab13\lab13\number3.h(75,10): warning C4566: символ, представленный универсальным именем символа "\u00E5", невозможно представить в текущей кодовой странице (1251)
C:\Users\79822\OneDrive\Документы\lab13\lab13\number3.h(75,10): warning C4566: символ, представленный универсальным именем символа "\u00E4", невозможно представить в текущей кодовой странице (1251)
C:\Users\79822\OneDrive\Документы\lab13\lab13\number3.h(75,10): warning C4566: символ, представленный универсальным именем символа "\u00E8", невозможно представить в текущей кодовой странице (1251)
C:\Users\79822\OneDrive\Документы\lab13\lab13\number3.h(75,10): warning C4566: символ, представленный универсальным именем символа "\u00F2", невозможно представить в текущей кодовой странице (1251)
C:\Users\79822\OneDrive\Документы\lab13\lab13\number3.h(75,10): warning C4566: символ, представленный универсальным именем символа "\u00EA", невозможно представить в текущей кодовой странице (1251)
C:\Users\79822\OneDrive\Документы\lab13\lab13\number3.h(75,10): warning C4566: символ, представленный универсальным именем символа "\u00E0", невозможно представить в текущей кодовой странице (1251)
C:\Users\79822\OneDrive\Документы\lab13\lab13\number3.h(75,10): warning C4566: символ, представленный универсальным именем символа "\u00EE", невозможно представить в текущей кодовой странице (1251)
C:\Users\79822\OneDrive\Документы\lab13\lab13\number3.h(75,10): warning C4566: символ, представленный универсальным именем символа "\u00EB", невозможно представить в текущей кодовой странице (1251)
C:\Users\79822\OneDrive\Документы\lab13\lab13\number3.h(75,10): warning C4566: символ, представленный универсальным именем символа "\u00F7", невозможно представить в текущей кодовой странице (1251)
C:\Users\79822\OneDrive\Документы\lab13\lab13\number3.h(75,10): warning C4566: символ, представленный универсальным именем символа "\u00F1", невозможно представить в текущей кодовой странице (1251)
C:\Users\79822\OneDrive\Документы\lab13\lab13\number3.h(75,10): warning C4566: символ, представленный универсальным именем символа "\u00E7", невозможно представить в текущей кодовой странице (1251)
C:\Users\79822\OneDrive\Документы\lab13\lab13\number3.h(75,10): warning C4566: символ, представленный универсальным именем символа "\u00EF", невозможно представить в текущей кодовой странице (1251)
C:\Users\79822\OneDrive\Документы\lab13\lab13\number3.h(75,10): warning C4566: символ, представленный универсальным именем символа "\u00E9", невозможно представить в текущей кодовой странице (1251)
C:\Users\79822\OneDrive\Документы\lab13\lab13\number3.h(75,10): warning C4566: символ, представленный универсальным именем символа "\u00E3", невозможно представить в текущей кодовой странице (1251)
C:\Users\79822\OneDrive\Документы\lab13\lab13\number3.h(75,10): warning C4566: символ, представленный универсальным именем символа "\u00ED", невозможно представить в текущей кодовой странице (1251)
C:\Users\79822\OneDrive\Документы\lab13\lab13\number3.h(75,10): warning C4566: символ, представленный универсальным именем символа "\u00F0", невозможно представить в текущей кодовой странице (1251)
C:\Users\79822\OneDrive\Документы\lab13\lab13\number3.h(75,10): warning C4566: символ, представленный универсальным именем символа "\u00FC", невозможно представить в текущей кодовой странице (1251)
C:\Users\79822\OneDrive\Документы\lab13\lab13\number3.h(78,10): warning C4566: символ, представленный универсальным именем символа "\u00D2", невозможно представить в текущей кодовой странице (1251)
C:\Users\79822\OneDrive\Документы\lab13\lab13\number3.h(78,10): warning C4566: символ, представленный универсальным именем символа "\u00E8", невозможно представить в текущей кодовой странице (1251)
C:\Users\79822\OneDrive\Документы\lab13\lab13\number3.h(78,10): warning C4566: символ, представленный универсальным именем символа "\u00EF", невозможно представить в текущей кодовой странице (1251)
C:\Users\79822\OneDrive\Документы\lab13\lab13\number3.h(78,10): warning C4566: символ, представленный универсальным именем символа "\u00E2", невозможно представить в текущей кодовой странице (1251)
C:\Users\79822\OneDrive\Документы\lab13\lab13\number3.h(78,10): warning C4566: символ, представленный универсальным именем символа "\u00FB", невозможно представить в текущей кодовой странице (1251)
C:\Users\79822\OneDrive\Документы\lab13\lab13\number3.h(78,10): warning C4566: символ, представленный универсальным именем символа "\u00EE", невозможно представить в текущей кодовой странице (1251)
C:\Users\79822\OneDrive\Документы\lab13\lab13\number3.h(78,10): warning C4566: символ, представленный универсальным именем символа "\u00E4", невозможно представить в текущей кодовой странице (1251)
C:\Users\79822\OneDrive\Документы\lab13\lab13\number3.h(78,10): warning C4566: символ, представленный универсальным именем символа "\u00E0", невозможно представить в текущей кодовой странице (1251)
C:\Users\79822\OneDrive\Документы\lab13\lab13\number3.h(78,10): warning C4566: символ, представленный универсальным именем символа "\u00CA", невозможно представить в текущей кодовой странице (1251)
C:\Users\79822\OneDrive\Документы\lab13\lab13\number3.h(78,10): warning C4566: символ, представленный универсальным именем символа "\u00EB", невозможно представить в текущей кодовой странице (1251)
C:\Users\79822\OneDrive\Документы\lab13\lab13\number3.h(78,10): warning C4566: символ, представленный универсальным именем символа "\u00FE", невозможно представить в текущей кодовой странице (1251)
C:\Users\79822\OneDrive\Документы\lab13\lab13\number3.h(78,10): warning C4566: символ, представленный универсальным именем символа "\u00F7", невозможно представить в текущей кодовой странице (1251)
C:\Users\79822\OneDrive\Документы\lab13\lab13\number3.h(78,10): warning C4566: символ, представленный универсальным именем символа "\u00C7", невозможно представить в текущей кодовой странице (1251)
C:\Users\79822\OneDrive\Документы\lab13\lab13\number3.h(78,10): warning C4566: символ, представленный универсальным именем символа "\u00ED", невозможно представить в текущей кодовой странице (1251)
C:\Users\79822\OneDrive\Документы\lab13\lab13\number3.h(78,10): warning C4566: символ, представленный универсальным именем символа "\u00E5", невозможно представить в текущей кодовой странице (1251)
C:\Users\79822\OneDrive\Документы\lab13\lab13\number3.h(80,18): warning C4566: символ, представленный универсальным именем символа "\u00CD", невозможно представить в текущей кодовой странице (1251)
C:\Users\79822\OneDrive\Документы\lab13\lab13\number3.h(80,18): warning C4566: символ, представленный универсальным именем символа "\u00E0", невозможно представить в текущей кодовой странице (1251)
C:\Users\79822\OneDrive\Документы\lab13\lab13\number3.h(80,18): warning C4566: символ, представленный универсальным именем символа "\u00E9", невозможно представить в текущей кодовой странице (1251)
C:\Users\79822\OneDrive\Документы\lab13\lab13\number3.h(80,18): warning C4566: символ, представленный универсальным именем символа "\u00E4", невозможно представить в текущей кодовой странице (1251)
C:\Users\79822\OneDrive\Документы\lab13\lab13\number3.h(80,18): warning C4566: символ, представленный универсальным именем символа "\u00E5", невозможно представить в текущей кодовой странице (1251)
C:\Users\79822\OneDrive\Документы\lab13\lab13\number3.h(80,18): warning C4566: символ, представленный универсальным именем символа "\u00EC", невозможно представить в текущей кодовой странице (1251)
C:\Users\79822\OneDrive\Документы\lab13\lab13\number3.h(80,18): warning C4566: символ, представленный универсальным именем символа "\u00F1", невозможно представить в текущей кодовой странице (1251)
C:\Users\79822\OneDrive\Документы\lab13\lab13\number3.h(80,18): warning C4566: символ, представленный универсальным именем символа "\u00F0", невозможно представить в текущей кодовой странице (1251)
C:\Users\79822\OneDrive\Документы\lab13\lab13\number3.h(80,18): warning C4566: символ, представленный универсальным именем символа "\u00ED", невозможно представить в текущей кодовой странице (1251)
C:\Users\79822\OneDrive\Документы\lab13\lab13\number3.h(80,18): warning C4566: символ, представленный универсальным именем символа "\u00E8", невозможно представить в текущей кодовой странице (1251)
C:\Users\79822\OneDrive\Документы\lab13\lab13\number3.h(80,18): warning C4566: символ, представленный универсальным именем символа "\u00F4", невозможно представить в текущей кодовой странице (1251)
C:\Users\79822\OneDrive\Документы\lab13\lab13\number3.h(80,18): warning C4566: символ, представленный универсальным именем символа "\u00F2", невозможно представить в текущей кодовой странице (1251)
C:\Users\79822\OneDrive\Документы\lab13\lab13\number3.h(80,18): warning C4566: символ, представленный универсальным именем символа "\u00F7", невозможно представить в текущей кодовой странице (1251)
C:\Users\79822\OneDrive\Документы\lab13\lab13\number3.h(80,18): warning C4566: символ, представленный универсальным именем символа "\u00EA", невозможно представить в текущей кодовой странице (1251)
C:\Users\79822\OneDrive\Документы\lab13\lab13\number3.h(80,18): warning C4566: символ, представленный универсальным именем символа "\u00EE", невозможно представить в текущей кодовой странице (1251)
C:\Users\79822\OneDrive\Документы\lab13\lab13\number3.h(80,18): warning C4566: символ, представленный универсальным именем символа "\u00E7", невозможно представить в текущей кодовой странице (1251)
C:\Users\79822\OneDrive\Документы\lab13\lab13\number3.h(80,18): warning C4566: символ, представленный универсальным именем символа "\u00E1", невозможно представить в текущей кодовой странице (1251)
C:\Users\79822\OneDrive\Документы\lab13\lab13\number3.h(80,18): warning C4566: символ, представленный универсальным именем символа "\u00E2", невозможно представить в текущей кодовой странице (1251)
C:\Users\79822\OneDrive\Документы\lab13\lab13\number3.h(80,18): warning C4566: символ, представленный универсальным именем символа "\u00E3", невозможно представить в текущей кодовой странице (1251)
C:\Users\79822\OneDrive\Документы\lab13\lab13\number3.h(83,18): warning C4566: символ, представленный универсальным именем символа "\u00C7", невозможно представить в текущей кодовой странице (1251)
C:\Users\79822\OneDrive\Документы\lab13\lab13\number3.h(83,18): warning C4566: символ, представленный универсальным именем символа "\u00E0", невозможно представить в текущей кодовой странице (1251)
C:\Users\79822\OneDrive\Документы\lab13\lab13\number3.h(83,18): warning C4566: символ, представленный универсальным именем символа "\u00E4", невозможно представить в текущей кодовой странице (1251)
C:\Users\79822\OneDrive\Документы\lab13\lab13\number3.h(83,18): warning C4566: символ, представленный универсальным именем символа "\u00E8", невозможно представить в текущей кодовой странице (1251)
C:\Users\79822\OneDrive\Документы\lab13\lab13\number3.h(83,18): warning C4566: символ, представленный универсальным именем символа "\u00EC", невозможно представить в текущей кодовой странице (1251)
C:\Users\79822\OneDrive\Документы\lab13\lab13\number3.h(83,18): warning C4566: символ, представленный универсальным именем символа "\u00EF", невозможно представить в текущей кодовой странице (1251)
C:\Users\79822\OneDrive\Документы\lab13\lab13\number3.h(83,18): warning C4566: символ, представленный универсальным именем символа "\u00E7", невозможно представить в текущей кодовой странице (1251)
C:\Users\79822\OneDrive\Документы\lab13\lab13\number3.h(83,18): warning C4566: символ, представленный универсальным именем символа "\u00EE", невозможно представить в текущей кодовой странице (1251)
C:\Users\79822\OneDrive\Документы\lab13\lab13\number3.h(83,18): warning C4566: символ, представленный универсальным именем символа "\u00ED", невозможно представить в текущей кодовой странице (1251)
C:\Users\79822\OneDrive\Документы\lab13\lab13\number3.h(83,18): warning C4566: символ, представленный универсальным именем символа "\u00F3", невозможно представить в текущей кодовой странице (1251)
C:\Users\79822\OneDrive\Документы\lab13\lab13\number3.h(83,18): warning C4566: символ, представленный универсальным именем символа "\u00EB", невозможно представить в текущей кодовой странице (1251)
C:\Users\79822\OneDrive\Документы\lab13\lab13\number3.h(83,18): warning C4566: символ, представленный универсальным именем символа "\u00FB", невозможно представить в текущей кодовой странице (1251)
C:\Users\79822\OneDrive\Документы\lab13\lab13\number3.h(83,18): warning C4566: символ, представленный универсальным именем символа "\u00E5", невозможно представить в текущей кодовой странице (1251)
C:\Users\79822\OneDrive\Документы\lab13\lab13\number3.h(83,18): warning C4566: символ, представленный универсальным именем символа "\u00EA", невозможно представить в текущей кодовой странице (1251)
C:\Users\79822\OneDrive\Документы\lab13\lab13\number3.h(83,18): warning C4566: символ, представленный универсальным именем символа "\u00F2", невозможно представить в текущей кодовой странице (1251)
C:\Users\79822\OneDrive\Документы\lab13\lab13\number3.h(83,18): warning C4566: символ, представленный универсальным именем символа "\u00E9", невозможно представить в текущей кодовой странице (1251)
C:\Users\79822\OneDrive\Документы\lab13\lab13\number3.h(83,18): warning C4566: символ, представленный универсальным именем символа "\u00F0", невозможно представить в текущей кодовой странице (1251)
C:\Users\79822\OneDrive\Документы\lab13\lab13\number3.h(83,18): warning C4566: символ, представленный универсальным именем символа "\u00E2", невозможно представить в текущей кодовой странице (1251)
C:\Users\79822\OneDrive\Документы\lab13\lab13\number3.h(86,18): warning C4566: символ, представленный универсальным именем символа "\u00CA", невозможно представить в текущей кодовой странице (1251)
C:\Users\79822\OneDrive\Документы\lab13\lab13\number3.h(86,18): warning C4566: символ, представленный универсальным именем символа "\u00EA", невозможно представить в текущей кодовой странице (1251)
C:\Users\79822\OneDrive\Документы\lab13\lab13\number3.h(86,18): warning C4566: символ, представленный универсальным именем символа "\u00E0", невозможно представить в текущей кодовой странице (1251)
C:\Users\79822\OneDrive\Документы\lab13\lab13\number3.h(86,18): warning C4566: символ, представленный универсальным именем символа "\u00E6", невозможно представить в текущей кодовой странице (1251)
C:\Users\79822\OneDrive\Документы\lab13\lab13\number3.h(86,18): warning C4566: символ, представленный универсальным именем символа "\u00E4", невозможно представить в текущей кодовой странице (1251)
C:\Users\79822\OneDrive\Документы\lab13\lab13\number3.h(86,18): warning C4566: символ, представленный универсальным именем символа "\u00EE", невозможно представить в текущей кодовой странице (1251)
C:\Users\79822\OneDrive\Документы\lab13\lab13\number3.h(86,18): warning C4566: символ, представленный универсальным именем символа "\u00EC", невозможно представить в текущей кодовой странице (1251)
C:\Users\79822\OneDrive\Документы\lab13\lab13\number3.h(86,18): warning C4566: символ, представленный универсальным именем символа "\u00F3", невозможно представить в текущей кодовой странице (1251)
C:\Users\79822\OneDrive\Документы\lab13\lab13\number3.h(86,18): warning C4566: символ, представленный универсальным именем символа "\u00FD", невозможно представить в текущей кодовой странице (1251)
C:\Users\79822\OneDrive\Документы\lab13\lab13\number3.h(86,18): warning C4566: символ, представленный универсальным именем символа "\u00EB", невозможно представить в текущей кодовой странице (1251)
C:\Users\79822\OneDrive\Документы\lab13\lab13\number3.h(86,18): warning C4566: символ, представленный универсальным именем символа "\u00E5", невозможно представить в текущей кодовой странице (1251)
C:\Users\79822\OneDrive\Документы\lab13\lab13\number3.h(86,18): warning C4566: символ, представленный универсальным именем символа "\u00ED", невозможно представить в текущей кодовой странице (1251)
C:\Users\79822\OneDrive\Документы\lab13\lab13\number3.h(86,18): warning C4566: символ, представленный универсальным именем символа "\u00F2", невозможно представить в текущей кодовой странице (1251)
C:\Users\79822\OneDrive\Документы\lab13\lab13\number3.h(86,18): warning C4566: символ, представленный универсальным именем символа "\u00E9", невозможно представить в текущей кодовой странице (1251)
C:\Users\79822\OneDrive\Документы\lab13\lab13\number3.h(86,18): warning C4566: символ, представленный универсальным именем символа "\u00F0", невозможно представить в текущей кодовой странице (1251)
C:\Users\79822\OneDrive\Документы\lab13\lab13\number3.h(86,18): warning C4566: символ, представленный универсальным именем символа "\u00E1", невозможно представить в текущей кодовой странице (1251)
C:\Users\79822\OneDrive\Документы\lab13\lab13\number3.h(86,18): warning C4566: символ, представленный универсальным именем символа "\u00E2", невозможно представить в текущей кодовой странице (1251)
C:\Users\79822\OneDrive\Документы\lab13\lab13\number3.h(86,18): warning C4566: символ, представленный универсальным именем символа "\u00E8", невозможно представить в текущей кодовой странице (1251)
C:\Users\79822\OneDrive\Документы\lab13\lab13\number3.h(89,18): warning C4566: символ, представленный универсальным именем символа "\u00CD", невозможно представить в текущей кодовой странице (1251)
C:\Users\79822\OneDrive\Документы\lab13\lab13\number3.h(89,18): warning C4566: символ, представленный универсальным именем символа "\u00E0", невозможно представить в текущей кодовой странице (1251)
C:\Users\79822\OneDrive\Документы\lab13\lab13\number3.h(89,18): warning C4566: символ, представленный универсальным именем символа "\u00E9", невозможно представить в текущей кодовой странице (1251)
C:\Users\79822\OneDrive\Документы\lab13\lab13\number3.h(89,18): warning C4566: символ, представленный универсальным именем символа "\u00E4", невозможно представить в текущей кодовой странице (1251)
C:\Users\79822\OneDrive\Документы\lab13\lab13\number3.h(89,18): warning C4566: символ, представленный универсальным именем символа "\u00E5", невозможно представить в текущей кодовой странице (1251)
C:\Users\79822\OneDrive\Документы\lab13\lab13\number3.h(89,18): warning C4566: символ, представленный универсальным именем символа "\u00EC", невозможно представить в текущей кодовой странице (1251)
C:\Users\79822\OneDrive\Документы\lab13\lab13\number3.h(89,18): warning C4566: символ, представленный универсальным именем символа "\u00E2", невозможно представить в текущей кодовой странице (1251)
C:\Users\79822\OneDrive\Документы\lab13\lab13\number3.h(89,18): warning C4566: символ, представленный универсальным именем символа "\u00ED", невозможно представить в текущей кодовой странице (1251)
C:\Users\79822\OneDrive\Документы\lab13\lab13\number3.h(89,18): warning C4566: символ, представленный универсальным именем символа "\u00EE", невозможно представить в текущей кодовой странице (1251)
C:\Users\79822\OneDrive\Документы\lab13\lab13\number3.h(89,18): warning C4566: символ, представленный универсальным именем символа "\u00EA", невозможно представить в текущей кодовой странице (1251)
C:\Users\79822\OneDrive\Документы\lab13\lab13\number3.h(89,18): warning C4566: символ, представленный универсальным именем символа "\u00F2", невозможно представить в текущей кодовой странице (1251)
C:\Users\79822\OneDrive\Документы\lab13\lab13\number3.h(89,18): warning C4566: символ, представленный универсальным именем символа "\u00F0", невозможно представить в текущей кодовой странице (1251)
C:\Users\79822\OneDrive\Документы\lab13\lab13\number3.h(89,18): warning C4566: символ, представленный универсальным именем символа "\u00EB", невозможно представить в текущей кодовой странице (1251)
C:\Users\79822\OneDrive\Документы\lab13\lab13\number3.h(89,18): warning C4566: символ, представленный универсальным именем символа "\u00EF", невозможно представить в текущей кодовой странице (1251)
C:\Users\79822\OneDrive\Документы\lab13\lab13\number3.h(89,18): warning C4566: символ, представленный универсальным именем символа "\u00E3", невозможно представить в текущей кодовой странице (1251)
C:\Users\79822\OneDrive\Документы\lab13\lab13\number3.h(89,18): warning C4566: символ, представленный универсальным именем символа "\u00FE", невозможно представить в текущей кодовой странице (1251)
C:\Users\79822\OneDrive\Документы\lab13\lab13\number3.h(89,18): warning C4566: символ, представленный универсальным именем символа "\u00F7", невозможно представить в текущей кодовой странице (1251)
C:\Users\79822\OneDrive\Документы\lab13\lab13\number3.h(89,18): warning C4566: символ, представленный универсальным именем символа "\u00F3", невозможно представить в текущей кодовой странице (1251)
C:\Users\79822\OneDrive\Документы\lab13\lab13\number3.h(91,18): warning C4566: символ, представленный универсальным именем символа "\u00CE", невозможно представить в текущей кодовой странице (1251)
C:\Users\79822\OneDrive\Документы\lab13\lab13\number3.h(91,18): warning C4566: символ, представленный универсальным именем символа "\u00F2", невозможно представить в текущей кодовой странице (1251)
C:\Users\79822\OneDrive\Документы\lab13\lab13\number3.h(91,18): warning C4566: символ, представленный универсальным именем символа "\u00F1", невозможно представить в текущей кодовой странице (1251)
C:\Users\79822\OneDrive\Документы\lab13\lab13\number3.h(91,18): warning C4566: символ, представленный универсальным именем символа "\u00EE", невозможно представить в текущей кодовой странице (1251)
C:\Users\79822\OneDrive\Документы\lab13\lab13\number3.h(91,18): warning C4566: символ, представленный универсальным именем символа "\u00F0", невозможно представить в текущей кодовой странице (1251)
C:\Users\79822\OneDrive\Документы\lab13\lab13\number3.h(91,18): warning C4566: символ, представленный универсальным именем символа "\u00E8", невозможно представить в текущей кодовой странице (1251)
C:\Users\79822\OneDrive\Документы\lab13\lab13\number3.h(91,18): warning C4566: символ, представленный универсальным именем символа "\u00F3", невозможно представить в текущей кодовой странице (1251)
C:\Users\79822\OneDrive\Документы\lab13\lab13\number3.h(91,18): warning C4566: символ, представленный универсальным именем символа "\u00E5", невозможно представить в текущей кодовой странице (1251)
C:\Users\79822\OneDrive\Документы\lab13\lab13\number3.h(91,18): warning C4566: символ, представленный универсальным именем символа "\u00EC", невозможно представить в текущей кодовой странице (1251)
C:\Users\79822\OneDrive\Документы\lab13\lab13\number3.h(91,18): warning C4566: символ, представленный универсальным именем символа "\u00EA", невозможно представить в текущей кодовой странице (1251)
C:\Users\79822\OneDrive\Документы\lab13\lab13\number3.h(91,18): warning C4566: символ, представленный универсальным именем символа "\u00ED", невозможно представить в текущей кодовой странице (1251)
C:\Users\79822\OneDrive\Документы\lab13\lab13\number3.h(91,18): warning C4566: символ, представленный универсальным именем символа "\u00E9", невозможно представить в текущей кодовой странице (1251)
C:\Users\79822\OneDrive\Документы\lab13\lab13\number3.h(91,18): warning C4566: символ, представленный универсальным именем символа "\u00EF", невозможно представить в текущей кодовой странице (1251)
C:\Users\79822\OneDrive\Документы\lab13\lab13\number3.h(91,18): warning C4566: символ, представленный универсальным именем символа "\u00E2", невозможно представить в текущей кодовой странице (1251)
C:\Users\79822\OneDrive\Документы\lab13\lab13\number3.h(91,18): warning C4566: символ, представленный универсальным именем символа "\u00E7", невозможно представить в текущей кодовой странице (1251)
C:\Users\79822\OneDrive\Документы\lab13\lab13\number3.h(91,18): warning C4566: символ, представленный универсальным именем символа "\u00E0", невозможно представить в текущей кодовой странице (1251)
C:\Users\79822\OneDrive\Документы\lab13\lab13\number3.h(91,18): warning C4566: символ, представленный универсальным именем символа "\u00FE", невозможно представить в текущей кодовой странице (1251)
C:\Users\79822\OneDrive\Документы\lab13\lab13\number3.h(91,18): warning C4566: символ, представленный универсальным именем символа "\u00F7", невозможно представить в текущей кодовой странице (1251)
C:\Users\79822\OneDrive\Документы\lab13\lab13\number3.h(93,18): warning C4566: символ, представленный универсальным именем символа "\u00CE", невозможно представить в текущей кодовой странице (1251)
C:\Users\79822\OneDrive\Документы\lab13\lab13\number3.h(93,18): warning C4566: символ, представленный универсальным именем символа "\u00F2", невозможно представить в текущей кодовой странице (1251)
C:\Users\79822\OneDrive\Документы\lab13\lab13\number3.h(93,18): warning C4566: символ, представленный универсальным именем символа "\u00F1", невозможно представить в текущей кодовой странице (1251)
C:\Users\79822\OneDrive\Документы\lab13\lab13\number3.h(93,18): warning C4566: символ, представленный универсальным именем символа "\u00EE", невозможно представить в текущей кодовой странице (1251)
C:\Users\79822\OneDrive\Документы\lab13\lab13\number3.h(93,18): warning C4566: символ, представленный универсальным именем символа "\u00F0", невозможно представить в текущей кодовой странице (1251)
C:\Users\79822\OneDrive\Документы\lab13\lab13\number3.h(93,18): warning C4566: символ, представленный универсальным именем символа "\u00E8", невозможно представить в текущей кодовой странице (1251)
C:\Users\79822\OneDrive\Документы\lab13\lab13\number3.h(93,18): warning C4566: символ, представленный универсальным именем символа "\u00F3", невозможно представить в текущей кодовой странице (1251)
C:\Users\79822\OneDrive\Документы\lab13\lab13\number3.h(93,18): warning C4566: символ, представленный универсальным именем символа "\u00E5", невозможно представить в текущей кодовой странице (1251)
C:\Users\79822\OneDrive\Документы\lab13\lab13\number3.h(93,18): warning C4566: символ, представленный универсальным именем символа "\u00EC", невозможно представить в текущей кодовой странице (1251)
C:\Users\79822\OneDrive\Документы\lab13\lab13\number3.h(93,18): warning C4566: символ, представленный универсальным именем символа "\u00EA", невозможно представить в текущей кодовой странице (1251)
C:\Users\79822\OneDrive\Документы\lab13\lab13\number3.h(93,18): warning C4566: символ, представленный универсальным именем символа "\u00ED", невозможно представить в текущей кодовой странице (1251)
C:\Users\79822\OneDrive\Документы\lab13\lab13\number3.h(93,18): warning C4566: символ, представленный универсальным именем символа "\u00E9", невозможно представить в текущей кодовой странице (1251)
C:\Users\79822\OneDrive\Документы\lab13\lab13\number3.h(93,18): warning C4566: символ, представленный универсальным именем символа "\u00EF", невозможно представить в текущей кодовой странице (1251)
C:\Users\79822\OneDrive\Документы\lab13\lab13\number3.h(93,18): warning C4566: символ, представленный универсальным именем символа "\u00E1", невозможно представить в текущей кодовой странице (1251)
C:\Users\79822\OneDrive\Документы\lab13\lab13\number3.h(93,18): warning C4566: символ, представленный универсальным именем символа "\u00FB", невозможно представить в текущей кодовой странице (1251)
C:\Users\79822\OneDrive\Документы\lab13\lab13\number3.h(93,18): warning C4566: символ, представленный универсальным именем символа "\u00E2", невозможно представить в текущей кодовой странице (1251)
C:\Users\79822\OneDrive\Документы\lab13\lab13\number3.h(93,18): warning C4566: символ, представленный универсальным именем символа "\u00E0", невозможно представить в текущей кодовой странице (1251)
C:\Users\79822\OneDrive\Документы\lab13\lab13\number3.h(93,18): warning C4566: символ, представленный универсальным именем символа "\u00FE", невозможно представить в текущей кодовой странице (1251)
C:\Users\79822\OneDrive\Документы\lab13\lab13\number3.h(93,18): warning C4566: символ, представленный универсальным именем символа "\u00E7", невозможно представить в текущей кодовой странице (1251)
C:\Users\79822\OneDrive\Документы\lab13\lab13\number3.h(93,18): warning C4566: символ, представленный универсальным именем символа "\u00F7", невозможно представить в текущей кодовой странице (1251)
  Создание кода...
  lab13.vcxproj -> C:\Users\79822\OneDrive\Документы\lab13\x64\Debug\lab13.exe
